Build started 31/12/2019 18:44:48.
     1>Project "C:\Users\Mic\Documents\Visual Studio 2012\Projects\WiiJoyPairing\WiiJoyPairing\WiiJoyPairing.vcxproj" on node 2 (Build target(s)).
     1>ClCompile:
         C:\Program Files (x86)\Microsoft Visual Studio 11.0\VC\bin\x86_amd64\CL.exe /c /Zi /nologo /W3 /WX- /sdl /O2 /Oi /GL /D WIN32 /D NDEBUG /D _WINDOWS /D _USRDLL /D WIIJOYPAIRING_EXPORTS /D _WINDLL /D _UNICODE /D UNICODE /Gm- /EHsc /MD /GS /Gy /fp:precise /Zc:wchar_t /Zc:forScope /Yc"stdafx.h" /Fp"x64\Release\WiiJoyPairing.pch" /Fo"x64\Release\\" /Fd"x64\Release\vc110.pdb" /Gd /TP /errorReport:prompt stdafx.cpp
         stdafx.cpp
         C:\Program Files (x86)\Microsoft Visual Studio 11.0\VC\bin\x86_amd64\CL.exe /c /Zi /nologo /W3 /WX- /sdl /O2 /Oi /GL /D WIN32 /D NDEBUG /D _WINDOWS /D _USRDLL /D WIIJOYPAIRING_EXPORTS /D _WINDLL /D _UNICODE /D UNICODE /Gm- /EHsc /MD /GS /Gy /fp:precise /Zc:wchar_t /Zc:forScope /Fo"x64\Release\\" /Fd"x64\Release\vc110.pdb" /Gd /TP /errorReport:prompt dllmain.cpp
         dllmain.cpp
         C:\Program Files (x86)\Microsoft Visual Studio 11.0\VC\bin\x86_amd64\CL.exe /c /Zi /nologo /W3 /WX- /sdl /O2 /Oi /GL /D WIN32 /D NDEBUG /D _WINDOWS /D _USRDLL /D WIIJOYPAIRING_EXPORTS /D _WINDLL /D _UNICODE /D UNICODE /Gm- /EHsc /MD /GS /Gy /fp:precise /Zc:wchar_t /Zc:forScope /Yu"stdafx.h" /Fp"x64\Release\WiiJoyPairing.pch" /Fo"x64\Release\\" /Fd"x64\Release\vc110.pdb" /Gd /TP /errorReport:prompt WiiJoyPairing.cpp
         WiiJoyPairing.cpp
       Link:
         C:\Program Files (x86)\Microsoft Visual Studio 11.0\VC\bin\x86_amd64\link.exe /ERRORREPORT:PROMPT /OUT:"C:\Users\Mic\Documents\Visual Studio 2012\Projects\WiiJoyPairing\x64\Release\WiiJoyPairing.dll" /INCREMENTAL:NO /NOLOGO kernel32.lib user32.lib gdi32.lib winspool.lib comdlg32.lib advapi32.lib shell32.lib ole32.lib oleaut32.lib uuid.lib odbc32.lib odbccp32.lib /MANIFEST /MANIFESTUAC:"level='asInvoker' uiAccess='false'" /manifest:embed /DEBUG /PDB:"C:\Users\Mic\Documents\Visual Studio 2012\Projects\WiiJoyPairing\x64\Release\WiiJoyPairing.pdb" /SUBSYSTEM:WINDOWS /OPT:REF /OPT:ICF /LTCG /TLBID:1 /DYNAMICBASE /NXCOMPAT /IMPLIB:"C:\Users\Mic\Documents\Visual Studio 2012\Projects\WiiJoyPairing\x64\Release\WiiJoyPairing.lib" /MACHINE:X64 /DLL x64\Release\dllmain.obj
         x64\Release\stdafx.obj
         x64\Release\WiiJoyPairing.obj
            Creating library C:\Users\Mic\Documents\Visual Studio 2012\Projects\WiiJoyPairing\x64\Release\WiiJoyPairing.lib and object C:\Users\Mic\Documents\Visual Studio 2012\Projects\WiiJoyPairing\x64\Release\WiiJoyPairing.exp
         Generating code
         Finished generating code
         WiiJoyPairing.vcxproj -> C:\Users\Mic\Documents\Visual Studio 2012\Projects\WiiJoyPairing\x64\Release\WiiJoyPairing.dll
     1>Done Building Project "C:\Users\Mic\Documents\Visual Studio 2012\Projects\WiiJoyPairing\WiiJoyPairing\WiiJoyPairing.vcxproj" (Build target(s)).

Build succeeded.

Time Elapsed 00:00:01.46
